<?xml version="1.0" encoding="UTF-8"?>
<!-- Generated by org.testng.reporters.JUnitReportReporter -->
<testsuite hostname="DELL" failures="0" tests="2" name="com.orangehrm.testcases.LoginPageTest" time="11.422" errors="0" timestamp="2024-03-02T17:19:08 IST" skipped="0">
  <testcase classname="com.orangehrm.testcases.LoginPageTest" name="checkLogoTest" time="4.623"/>
  <testcase classname="com.orangehrm.testcases.LoginPageTest" name="checkLoginTest" time="6.799"/>
</testsuite> <!-- com.orangehrm.testcases.LoginPageTest -->
